Unity Editor version:    2020.3.19f1 (68f137dc9bbe)
Branch:                  2020.3/staging
Build type:              Release
Batch mode:              YES
macOS version:           Version 10.15.7 (Build 19H1419)
Darwin version:          19.6.0
Architecture:            x86_64
Running under Rosetta:   NO
Available memory:        65536 MB
Using pre-set license
Pro License: NO

COMMAND LINE ARGUMENTS:
/Applications/Unity/Hub/Editor/2020.3.19f1/Unity.app/Contents/MacOS/Unity
-adb2
-batchMode
-noUpm
-name
AssetImportWorker0
-projectPath
/Volumes/SAVE HERE/altReal/Nov22Lab
-logFile
Logs/AssetImportWorker0.log
-srvPort
50076
Successfully changed project path to: /Volumes/SAVE HERE/altReal/Nov22Lab
/Volumes/SAVE HERE/altReal/Nov22Lab
Using Asset Import Pipeline V2.
Refreshing native plugins compatible for Editor in 64.31 ms, found 3 plugins.
Preloading 1 native plugins for Editor in 10.94 ms.
Initialize engine version: 2020.3.19f1 (68f137dc9bbe)
[Subsystems] Discovering subsystems at path /Applications/Unity/Hub/Editor/2020.3.19f1/Unity.app/Contents/Resources/UnitySubsystems
[Subsystems] Discovering subsystems at path /Volumes/SAVE HERE/altReal/Nov22Lab/Assets
GfxDevice: creating device client; threaded=0
2021-11-22 13:38:42.399 Unity[4365:4025682] iMac preferred device: AMD Radeon Pro Vega 64 (high power)
2021-11-22 13:38:42.399 Unity[4365:4025682] Metal devices available: 1
2021-11-22 13:38:42.400 Unity[4365:4025682] 0: AMD Radeon Pro Vega 64 (high power)
2021-11-22 13:38:42.400 Unity[4365:4025682] Using device AMD Radeon Pro Vega 64 (high power)
Initializing Metal device caps: AMD Radeon Pro Vega 64
Initialize mono
Mono path[0] = '/Applications/Unity/Hub/Editor/2020.3.19f1/Unity.app/Contents/Managed'
Mono path[1] = '/Applications/Unity/Hub/Editor/2020.3.19f1/Unity.app/Contents/MonoBleedingEdge/lib/mono/unityjit'
Mono config path = '/Applications/Unity/Hub/Editor/2020.3.19f1/Unity.app/Contents/MonoBleedingEdge/etc'
Using monoOptions --debugger-agent=transport=dt_socket,embedding=1,server=y,suspend=n,address=127.0.0.1:56365
Begin MonoManager ReloadAssembly
Registering precompiled unity dll's ...
Register platform support module: /Applications/Unity/Hub/Editor/2020.3.19f1/Unity.app/Contents/PlaybackEngines/MacStandaloneSupport/UnityEditor.OSXStandalone.Extensions.dll
Registered in 0.000513 seconds.
Native extension for OSXStandalone target not found
Refreshing native plugins compatible for Editor in 59.13 ms, found 3 plugins.
Preloading 1 native plugins for Editor in 0.47 ms.
Mono: successfully reloaded assembly
- Completed reload, in  2.699 seconds
Domain Reload Profiling:
	ReloadAssembly (2699ms)
		BeginReloadAssembly (55ms)
			ExecutionOrderSort (0ms)
			DisableScriptedObjects (0ms)
			BackupInstance (0ms)
			ReleaseScriptingObjects (0ms)
			CreateAndSetChildDomain (1ms)
		EndReloadAssembly (484ms)
			LoadAssemblies (54ms)
			RebuildTransferFunctionScriptingTraits (0ms)
			SetupTypeCache (179ms)
			ReleaseScriptCaches (0ms)
			RebuildScriptCaches (38ms)
			SetupLoadedEditorAssemblies (216ms)
				LogAssemblyErrors (0ms)
				InitializePlatformSupportModulesInManaged (4ms)
				SetLoadedEditorAssemblies (0ms)
				RefreshPlugins (60ms)
				BeforeProcessingInitializeOnLoad (26ms)
				ProcessInitializeOnLoadAttributes (96ms)
				ProcessInitializeOnLoadMethodAttributes (30ms)
				AfterProcessingInitializeOnLoad (0ms)
				EditorAssembliesLoaded (0ms)
			ExecutionOrderSort2 (0ms)
			AwakeInstancesAfterBackupRestoration (0ms)
Platform modules already initialized, skipping
Registering precompiled user dll's ...
Registered in 0.002507 seconds.
Begin MonoManager ReloadAssembly
Native extension for OSXStandalone target not found
Refreshing native plugins compatible for Editor in 56.42 ms, found 3 plugins.
Preloading 1 native plugins for Editor in 0.43 ms.
Mono: successfully reloaded assembly
- Completed reload, in  1.317 seconds
Domain Reload Profiling:
	ReloadAssembly (1318ms)
		BeginReloadAssembly (172ms)
			ExecutionOrderSort (0ms)
			DisableScriptedObjects (4ms)
			BackupInstance (0ms)
			ReleaseScriptingObjects (0ms)
			CreateAndSetChildDomain (35ms)
		EndReloadAssembly (1081ms)
			LoadAssemblies (94ms)
			RebuildTransferFunctionScriptingTraits (0ms)
			SetupTypeCache (385ms)
			ReleaseScriptCaches (1ms)
			RebuildScriptCaches (66ms)
			SetupLoadedEditorAssemblies (417ms)
				LogAssemblyErrors (0ms)
				InitializePlatformSupportModulesInManaged (3ms)
				SetLoadedEditorAssemblies (0ms)
				RefreshPlugins (57ms)
				BeforeProcessingInitializeOnLoad (91ms)
				ProcessInitializeOnLoadAttributes (259ms)
				ProcessInitializeOnLoadMethodAttributes (4ms)
				AfterProcessingInitializeOnLoad (1ms)
				EditorAssembliesLoaded (0ms)
			ExecutionOrderSort2 (0ms)
			AwakeInstancesAfterBackupRestoration (6ms)
Platform modules already initialized, skipping
Validating Project structure ... 0.001237 seconds.
Shader import version has changed; will reimport all shaders...
Upgrading shader files ...0.001562 seconds.
Application.AssetDatabase Initial Script Refresh Start
RefreshInfo: InitialScriptRefreshV2(NoUpdateAssetOptions) scanfilter:  ... 1 filters
RefreshProfiler: Total: 0.000ms
Application.AssetDatabase Initial Script Refresh End
Application.AssetDatabase.Refresh Start
Application.AssetDatabase.Refresh End
RefreshInfo: StopAssetImportingV2(ForceSynchronousImport) scanfilter: 
RefreshProfiler: Total: 0.000ms
Launching external process: /Applications/Unity/Hub/Editor/2020.3.19f1/Unity.app/Contents/Tools/UnityShaderCompiler
Launched and connected shader compiler UnityShaderCompiler after 0.01 seconds
Initializing Unity extensions:
========================================================================
Worker process is ready to serve import requests
Refreshing native plugins compatible for Editor in 0.87 ms, found 3 plugins.
Preloading 1 native plugins for Editor in 0.49 ms.
Unloading 3613 Unused Serialized files (Serialized files now loaded: 0)
System memory in use before: 283.1 MB.
System memory in use after: 282.9 MB.

Unloading 173 unused Assets to reduce memory usage. Loaded Objects now: 4088.
Total: 5.112080 ms (FindLiveObjects: 0.477067 ms CreateObjectMapping: 0.217123 ms MarkObjects: 4.083963 ms  DeleteObjects: 0.333094 ms)

AssetImportParameters requested are different than current active one (requested -> active):
  custom:video-decoder-ogg-theora: a1e56fd34408186e4bbccfd4996cb3dc -> 
  custom:container-muxer-webm: aa71ff27fc2769a1b78a27578f13a17b -> 
  custom:container-demuxer-webm: 4f35f7cbe854078d1ac9338744f61a02 -> 
  custom:container-demuxer-ogg: 62fdf1f143b41e24485cea50d1cbac27 -> 
  custom:video-encoder-webm-vp8: eb34c28f22e8b96e1ab97ce403110664 -> 
  custom:framework-osx-AVFoundation: b23960f63f64bdc6ff669e2cdcee2391 -> 
  custom:video-decoder-webm-vp8: 9c59270c3fd7afecdb556c50c9e8de78 -> 
  custom:audio-decoder-ogg-vorbis: bf7c407c2cedff20999df2af8eb42d56 -> 
  custom:audio-encoder-webm-vorbis: bf7c407c2cedff20999df2af8eb42d56 -> 
========================================================================
Received Import Request.
  path: Assets/Scenes/XR_UI.unity
  artifactKey: Guid(9fc0d4010bbf28b4594072e72b8655ab) Importer(815301076,1909f56bfc062723c751e8b465ee728b)
Start importing Assets/Scenes/XR_UI.unity using Guid(9fc0d4010bbf28b4594072e72b8655ab) Importer(815301076,1909f56bfc062723c751e8b465ee728b)  -> (artifact id: '71e6393f1f4daa0e0eaed362b5f0e332') in 0.013726 seconds 
  Import took 0.019458 seconds .

========================================================================
Received Import Request.
  Time since last request: 695.058446 seconds.
  path: Assets/Materials
  artifactKey: Guid(8fbfe14cef5648b43a0a59bf77abc12f) Importer(815301076,1909f56bfc062723c751e8b465ee728b)
Start importing Assets/Materials using Guid(8fbfe14cef5648b43a0a59bf77abc12f) Importer(815301076,1909f56bfc062723c751e8b465ee728b)  -> (artifact id: 'ff75042a1019fcf22ae9bc3031118f23') in 0.001103 seconds 
  Import took 0.007452 seconds .

========================================================================
Received Import Request.
  Time since last request: 0.061975 seconds.
  path: Assets/Materials/WatchBand.mat
  artifactKey: Guid(a581a1a0a72e58c49b45fd7982e99130) Importer(815301076,1909f56bfc062723c751e8b465ee728b)
Start importing Assets/Materials/WatchBand.mat using Guid(a581a1a0a72e58c49b45fd7982e99130) Importer(815301076,1909f56bfc062723c751e8b465ee728b)  -> (artifact id: '591a06695b15de9d9a86a7b2834255d1') in 0.837428 seconds 
  Import took 0.843862 seconds .

========================================================================
Received Import Request.
  Time since last request: 0.002399 seconds.
  path: Assets/Materials/WatchFace.mat
  artifactKey: Guid(124cf674d502cd742814ee45e55b1e07) Importer(815301076,1909f56bfc062723c751e8b465ee728b)
Start importing Assets/Materials/WatchFace.mat using Guid(124cf674d502cd742814ee45e55b1e07) Importer(815301076,1909f56bfc062723c751e8b465ee728b)  -> (artifact id: 'ff1a818afb351818728dbf3fc308a306') in 0.009794 seconds 
  Import took 0.015754 seconds .

========================================================================
Received Import Request.
  Time since last request: 0.709500 seconds.
  path: Assets/Materials/Textures
  artifactKey: Guid(1db6dbfbac2aa7e4f87f40022f59fa6d) Importer(815301076,1909f56bfc062723c751e8b465ee728b)
Start importing Assets/Materials/Textures using Guid(1db6dbfbac2aa7e4f87f40022f59fa6d) Importer(815301076,1909f56bfc062723c751e8b465ee728b)  -> (artifact id: '3da8ff966f69e738d643fd38018765d3') in 0.000961 seconds 
  Import took 0.007396 seconds .

========================================================================
Received Import Request.
  Time since last request: 0.078215 seconds.
  path: Assets/Materials/Textures/AngleButtonMultiple.png
  artifactKey: Guid(61ad9aac1bddc0d499a7e9ec1e62d917) Importer(815301076,1909f56bfc062723c751e8b465ee728b)
Start importing Assets/Materials/Textures/AngleButtonMultiple.png using Guid(61ad9aac1bddc0d499a7e9ec1e62d917) Importer(815301076,1909f56bfc062723c751e8b465ee728b)  -> (artifact id: '399e4d54d567c5842b51dcf139cb0845') in 0.331903 seconds 
  Import took 0.338376 seconds .

========================================================================
Received Import Request.
  Time since last request: 0.003647 seconds.
  path: Assets/Materials/Textures/AngleButtonSingle.png
  artifactKey: Guid(e297c520a753b81468418d9354934f3d) Importer(815301076,1909f56bfc062723c751e8b465ee728b)
Start importing Assets/Materials/Textures/AngleButtonSingle.png using Guid(e297c520a753b81468418d9354934f3d) Importer(815301076,1909f56bfc062723c751e8b465ee728b)  -> (artifact id: '809e168a9701ecc8413908b37e631bd7') in 0.008259 seconds 
  Import took 0.014639 seconds .

========================================================================
Received Import Request.
  Time since last request: 0.000316 seconds.
  path: Assets/Materials/Textures/rick.png
  artifactKey: Guid(07d48576d1e516f46aa4d83e37cf1ea5) Importer(815301076,1909f56bfc062723c751e8b465ee728b)
Start importing Assets/Materials/Textures/rick.png using Guid(07d48576d1e516f46aa4d83e37cf1ea5) Importer(815301076,1909f56bfc062723c751e8b465ee728b)  -> (artifact id: '794c5c9325510fbafce1fe8a88a6e40b') in 0.011903 seconds 
  Import took 0.017806 seconds .

========================================================================
Received Import Request.
  Time since last request: 27.620746 seconds.
  path: Assets/Materials/Textures/rick.png
  artifactKey: Guid(07d48576d1e516f46aa4d83e37cf1ea5) Importer(815301076,1909f56bfc062723c751e8b465ee728b)
Start importing Assets/Materials/Textures/rick.png using Guid(07d48576d1e516f46aa4d83e37cf1ea5) Importer(815301076,1909f56bfc062723c751e8b465ee728b)  -> (artifact id: 'e2cf75f510f179f4f006a2067f37e05e') in 0.032353 seconds 
  Import took 0.039183 seconds .

========================================================================
Received Import Request.
  Time since last request: 346.445385 seconds.
  path: Assets/Materials/Textures/AngleButtonMultiple.png
  artifactKey: Guid(61ad9aac1bddc0d499a7e9ec1e62d917) Importer(815301076,1909f56bfc062723c751e8b465ee728b)
Start importing Assets/Materials/Textures/AngleButtonMultiple.png using Guid(61ad9aac1bddc0d499a7e9ec1e62d917) Importer(815301076,1909f56bfc062723c751e8b465ee728b)  -> (artifact id: '6b18301ce9bf27e31fe6c1e13d9438dc') in 0.012924 seconds 
  Import took 0.019731 seconds .

========================================================================
Received Import Request.
  Time since last request: 24.252286 seconds.
  path: Assets/Materials/Textures/AngleButtonSingle.png
  artifactKey: Guid(e297c520a753b81468418d9354934f3d) Importer(815301076,1909f56bfc062723c751e8b465ee728b)
Start importing Assets/Materials/Textures/AngleButtonSingle.png using Guid(e297c520a753b81468418d9354934f3d) Importer(815301076,1909f56bfc062723c751e8b465ee728b)  -> (artifact id: '7d47953473cd58a8b9304c7adf4a7d83') in 0.012881 seconds 
  Import took 0.019403 seconds .

========================================================================
Received Import Request.
  Time since last request: 580.209038 seconds.
  path: Assets/Animation.controller
  artifactKey: Guid(3dcd8ae0d2cb44dbaace371d131a1a18) Importer(815301076,1909f56bfc062723c751e8b465ee728b)
Start importing Assets/Animation.controller using Guid(3dcd8ae0d2cb44dbaace371d131a1a18) Importer(815301076,1909f56bfc062723c751e8b465ee728b)  -> (artifact id: 'd105b7b8f7051d201bc2c0c8b8c22237') in 0.147224 seconds 
  Import took 0.153663 seconds .

========================================================================
Received Import Request.
  Time since last request: 1658.558446 seconds.
  path: Assets/Prefabs/LeftHandVisual.prefab
  artifactKey: Guid(83e2ef3d7e4d4a842af78127fef80ccd) Importer(815301076,1909f56bfc062723c751e8b465ee728b)
Start importing Assets/Prefabs/LeftHandVisual.prefab using Guid(83e2ef3d7e4d4a842af78127fef80ccd) Importer(815301076,1909f56bfc062723c751e8b465ee728b)  -> (artifact id: '1f03331bcfa0daabed5105d258601529') in 0.211207 seconds 
  Import took 0.218267 seconds .

========================================================================
Received Import Request.
  Time since last request: 0.002234 seconds.
  path: Assets/Prefabs/RightHandVisual.prefab
  artifactKey: Guid(0930a11dfba18ba4a99b3d0b0654394e) Importer(815301076,1909f56bfc062723c751e8b465ee728b)
Start importing Assets/Prefabs/RightHandVisual.prefab using Guid(0930a11dfba18ba4a99b3d0b0654394e) Importer(815301076,1909f56bfc062723c751e8b465ee728b)  -> (artifact id: 'b94d36dc013ca56374745b6c460e1716') in 0.015605 seconds 
  Import took 0.022405 seconds .

========================================================================
Received Import Request.
  Time since last request: 0.000195 seconds.
  path: Assets/Prefabs/Watch.prefab
  artifactKey: Guid(d159b448c2c8cdb45948d293d19a7bd2) Importer(815301076,1909f56bfc062723c751e8b465ee728b)
Start importing Assets/Prefabs/Watch.prefab using Guid(d159b448c2c8cdb45948d293d19a7bd2) Importer(815301076,1909f56bfc062723c751e8b465ee728b)  -> (artifact id: '9c19ede7da2b62d7ad4ee6c866bbc0aa') in 0.013864 seconds 
  Import took 0.019880 seconds .

========================================================================
Received Import Request.
  Time since last request: 304.926987 seconds.
  path: Assets/Shader.shadergraph
  artifactKey: Guid(f561c38b8c2774d84b3c01bd9f6d03ac) Importer(815301076,1909f56bfc062723c751e8b465ee728b)
Start importing Assets/Shader.shadergraph using Guid(f561c38b8c2774d84b3c01bd9f6d03ac) Importer(815301076,1909f56bfc062723c751e8b465ee728b)  -> (artifact id: 'af3266da1d06771f3402e8947dbd2b2c') in 0.132227 seconds 
  Import took 0.139085 seconds .

