Unity Editor version:    2020.3.17f1 (a4537701e4ab)
Branch:                  2020.3/staging
Build type:              Release
Batch mode:              YES
macOS version:           Version 11.3.1 (Build 20E241)
Darwin version:          20.4.0
Architecture:            x86_64
Running under Rosetta:   NO
Available memory:        16384 MB
Using pre-set license
Pro License: NO

COMMAND LINE ARGUMENTS:
/Applications/Unity/Hub/Editor/2020.3.17f1/Unity.app/Contents/MacOS/Unity
-adb2
-batchMode
-noUpm
-name
AssetImportWorker0
-projectPath
/Users/a28091625616/Desktop/Junior Year/altReal/Project-1-Snowpiercer
-logFile
Logs/AssetImportWorker0.log
-srvPort
60827
Successfully changed project path to: /Users/a28091625616/Desktop/Junior Year/altReal/Project-1-Snowpiercer
/Users/a28091625616/Desktop/Junior Year/altReal/Project-1-Snowpiercer
Using Asset Import Pipeline V2.
Refreshing native plugins compatible for Editor in 54.93 ms, found 2 plugins.
Preloading 0 native plugins for Editor in 0.00 ms.
Initialize engine version: 2020.3.17f1 (a4537701e4ab)
[Subsystems] Discovering subsystems at path /Applications/Unity/Hub/Editor/2020.3.17f1/Unity.app/Contents/Resources/UnitySubsystems
[Subsystems] Discovering subsystems at path /Users/a28091625616/Desktop/Junior Year/altReal/Project-1-Snowpiercer/Assets
GfxDevice: creating device client; threaded=0
2021-09-12 10:12:11.274 Unity[49914:21427228] Color LCD preferred device: Intel Iris Pro Graphics (low power)
2021-09-12 10:12:11.274 Unity[49914:21427228] Metal devices available: 1
2021-09-12 10:12:11.274 Unity[49914:21427228] 0: Intel Iris Pro Graphics (low power)
2021-09-12 10:12:11.275 Unity[49914:21427228] Using device Intel Iris Pro Graphics (low power)
Initializing Metal device caps: Intel Iris Pro Graphics
Initialize mono
Mono path[0] = '/Applications/Unity/Hub/Editor/2020.3.17f1/Unity.app/Contents/Managed'
Mono path[1] = '/Applications/Unity/Hub/Editor/2020.3.17f1/Unity.app/Contents/MonoBleedingEdge/lib/mono/unityjit'
Mono config path = '/Applications/Unity/Hub/Editor/2020.3.17f1/Unity.app/Contents/MonoBleedingEdge/etc'
Using monoOptions --debugger-agent=transport=dt_socket,embedding=1,server=y,suspend=n,address=127.0.0.1:56914
Begin MonoManager ReloadAssembly
Registering precompiled unity dll's ...
Register platform support module: /Applications/Unity/Hub/Editor/2020.3.17f1/Unity.app/Contents/PlaybackEngines/MacStandaloneSupport/UnityEditor.OSXStandalone.Extensions.dll
Registered in 0.002724 seconds.
Native extension for OSXStandalone target not found
Refreshing native plugins compatible for Editor in 47.06 ms, found 2 plugins.
Preloading 0 native plugins for Editor in 0.00 ms.
Mono: successfully reloaded assembly
- Completed reload, in  5.003 seconds
Domain Reload Profiling:
	ReloadAssembly (5003ms)
		BeginReloadAssembly (71ms)
			ExecutionOrderSort (0ms)
			DisableScriptedObjects (0ms)
			BackupInstance (0ms)
			ReleaseScriptingObjects (0ms)
			CreateAndSetChildDomain (3ms)
		EndReloadAssembly (775ms)
			LoadAssemblies (68ms)
			RebuildTransferFunctionScriptingTraits (0ms)
			SetupTypeCache (315ms)
			ReleaseScriptCaches (0ms)
			RebuildScriptCaches (62ms)
			SetupLoadedEditorAssemblies (309ms)
				LogAssemblyErrors (0ms)
				InitializePlatformSupportModulesInManaged (7ms)
				SetLoadedEditorAssemblies (0ms)
				RefreshPlugins (47ms)
				BeforeProcessingInitializeOnLoad (46ms)
				ProcessInitializeOnLoadAttributes (154ms)
				ProcessInitializeOnLoadMethodAttributes (54ms)
				AfterProcessingInitializeOnLoad (0ms)
				EditorAssembliesLoaded (0ms)
			ExecutionOrderSort2 (0ms)
			AwakeInstancesAfterBackupRestoration (0ms)
Platform modules already initialized, skipping
Registering precompiled user dll's ...
Registered in 0.006092 seconds.
Begin MonoManager ReloadAssembly
Native extension for OSXStandalone target not found
Refreshing native plugins compatible for Editor in 1.61 ms, found 2 plugins.
Preloading 0 native plugins for Editor in 0.00 ms.
Mono: successfully reloaded assembly
- Completed reload, in  2.193 seconds
Domain Reload Profiling:
	ReloadAssembly (2195ms)
		BeginReloadAssembly (272ms)
			ExecutionOrderSort (0ms)
			DisableScriptedObjects (9ms)
			BackupInstance (0ms)
			ReleaseScriptingObjects (0ms)
			CreateAndSetChildDomain (57ms)
		EndReloadAssembly (1761ms)
			LoadAssemblies (181ms)
			RebuildTransferFunctionScriptingTraits (0ms)
			SetupTypeCache (483ms)
			ReleaseScriptCaches (1ms)
			RebuildScriptCaches (85ms)
			SetupLoadedEditorAssemblies (810ms)
				LogAssemblyErrors (0ms)
				InitializePlatformSupportModulesInManaged (8ms)
				SetLoadedEditorAssemblies (1ms)
				RefreshPlugins (2ms)
				BeforeProcessingInitializeOnLoad (130ms)
				ProcessInitializeOnLoadAttributes (655ms)
				ProcessInitializeOnLoadMethodAttributes (11ms)
				AfterProcessingInitializeOnLoad (3ms)
				EditorAssembliesLoaded (1ms)
			ExecutionOrderSort2 (0ms)
			AwakeInstancesAfterBackupRestoration (18ms)
Platform modules already initialized, skipping
Validating Project structure ... 0.002642 seconds.
Shader import version has changed; will reimport all shaders...
Upgrading shader files ...0.003053 seconds.
Application.AssetDatabase Initial Script Refresh Start
RefreshInfo: InitialScriptRefreshV2(NoUpdateAssetOptions) scanfilter:  ... 1 filters
RefreshProfiler: Total: 0.000ms
Application.AssetDatabase Initial Script Refresh End
Application.AssetDatabase.Refresh Start
Application.AssetDatabase.Refresh End
RefreshInfo: StopAssetImportingV2(ForceSynchronousImport) scanfilter: 
RefreshProfiler: Total: 0.000ms
Launching external process: /Applications/Unity/Hub/Editor/2020.3.17f1/Unity.app/Contents/Tools/UnityShaderCompiler
Launched and connected shader compiler UnityShaderCompiler after 0.03 seconds
Initializing Unity extensions:
========================================================================
Worker process is ready to serve import requests
Refreshing native plugins compatible for Editor in 0.38 ms, found 2 plugins.
Preloading 0 native plugins for Editor in 0.00 ms.
Unloading 1400 Unused Serialized files (Serialized files now loaded: 0)
System memory in use before: 165.0 MB.
System memory in use after: 163.7 MB.

Unloading 80 unused Assets to reduce memory usage. Loaded Objects now: 1873.
Total: 4.756072 ms (FindLiveObjects: 0.243845 ms CreateObjectMapping: 0.057668 ms MarkObjects: 3.341550 ms  DeleteObjects: 1.112014 ms)

AssetImportParameters requested are different than current active one (requested -> active):
  custom:video-decoder-ogg-theora: a1e56fd34408186e4bbccfd4996cb3dc -> 
  custom:container-muxer-webm: aa71ff27fc2769a1b78a27578f13a17b -> 
  custom:container-demuxer-webm: 4f35f7cbe854078d1ac9338744f61a02 -> 
  custom:container-demuxer-ogg: 62fdf1f143b41e24485cea50d1cbac27 -> 
  custom:video-encoder-webm-vp8: eb34c28f22e8b96e1ab97ce403110664 -> 
  custom:framework-osx-AVFoundation: e770b220cccbd017edd2c1fefb359320 -> 
  custom:video-decoder-webm-vp8: 9c59270c3fd7afecdb556c50c9e8de78 -> 
  custom:audio-decoder-ogg-vorbis: bf7c407c2cedff20999df2af8eb42d56 -> 
  custom:audio-encoder-webm-vorbis: bf7c407c2cedff20999df2af8eb42d56 -> 
========================================================================
Received Import Request.
  path: Assets/Train/Materials/Train Atlas.mat
  artifactKey: Guid(c372431a2576ce4479d48da6c8e99005) Importer(815301076,1909f56bfc062723c751e8b465ee728b)
Start importing Assets/Train/Materials/Train Atlas.mat using Guid(c372431a2576ce4479d48da6c8e99005) Importer(815301076,1909f56bfc062723c751e8b465ee728b)  -> (artifact id: 'fdd19140ac6228335d81d3d2d8f99f1c') in 4.802911 seconds 
  Import took 4.826921 seconds .

========================================================================
Received Import Request.
  Time since last request: 0.009214 seconds.
  path: Assets/Train/Model/Train.fbx
  artifactKey: Guid(272cb988dc8f53541a70afd07ace6ee6) Importer(815301076,1909f56bfc062723c751e8b465ee728b)
Start importing Assets/Train/Model/Train.fbx using Guid(272cb988dc8f53541a70afd07ace6ee6) Importer(815301076,1909f56bfc062723c751e8b465ee728b)  -> (artifact id: 'b10fca8a9b74b9a9a5a46750078db8fd') in 2.050397 seconds 
  Import took 2.054557 seconds .

========================================================================
Received Import Request.
  Time since last request: 0.005042 seconds.
  path: Assets/Train/Model/Materials/Train_Train Atlas.mat
  artifactKey: Guid(b9fc6662f146f4930a5e0bee27ddf855) Importer(815301076,1909f56bfc062723c751e8b465ee728b)
Start importing Assets/Train/Model/Materials/Train_Train Atlas.mat using Guid(b9fc6662f146f4930a5e0bee27ddf855) Importer(815301076,1909f56bfc062723c751e8b465ee728b)  -> (artifact id: '703c35ca422c730779ba83207ce493cd') in 0.040197 seconds 
  Import took 0.043567 seconds .

========================================================================
Received Import Request.
  Time since last request: 0.000355 seconds.
  path: Assets/Train/Materials/Floor.mat
  artifactKey: Guid(ca7b60790e3c11c4f87a0f315a5d8fd8) Importer(815301076,1909f56bfc062723c751e8b465ee728b)
Start importing Assets/Train/Materials/Floor.mat using Guid(ca7b60790e3c11c4f87a0f315a5d8fd8) Importer(815301076,1909f56bfc062723c751e8b465ee728b)  -> (artifact id: '11ffd116c2138386ae230e461fe51de6') in 0.409723 seconds 
  Import took 0.413102 seconds .

========================================================================
Received Prepare
Registering precompiled user dll's ...
Registered in 0.005205 seconds.
Begin MonoManager ReloadAssembly
Native extension for OSXStandalone target not found
Refreshing native plugins compatible for Editor in 0.40 ms, found 2 plugins.
Preloading 0 native plugins for Editor in 0.00 ms.
Mono: successfully reloaded assembly
- Completed reload, in  1.435 seconds
Domain Reload Profiling:
	ReloadAssembly (1435ms)
		BeginReloadAssembly (154ms)
			ExecutionOrderSort (0ms)
			DisableScriptedObjects (6ms)
			BackupInstance (0ms)
			ReleaseScriptingObjects (0ms)
			CreateAndSetChildDomain (78ms)
		EndReloadAssembly (1199ms)
			LoadAssemblies (112ms)
			RebuildTransferFunctionScriptingTraits (0ms)
			SetupTypeCache (395ms)
			ReleaseScriptCaches (1ms)
			RebuildScriptCaches (57ms)
			SetupLoadedEditorAssemblies (485ms)
				LogAssemblyErrors (0ms)
				InitializePlatformSupportModulesInManaged (6ms)
				SetLoadedEditorAssemblies (1ms)
				RefreshPlugins (0ms)
				BeforeProcessingInitializeOnLoad (132ms)
				ProcessInitializeOnLoadAttributes (339ms)
				ProcessInitializeOnLoadMethodAttributes (5ms)
				AfterProcessingInitializeOnLoad (2ms)
				EditorAssembliesLoaded (0ms)
			ExecutionOrderSort2 (0ms)
			AwakeInstancesAfterBackupRestoration (9ms)
Platform modules already initialized, skipping
Refreshing native plugins compatible for Editor in 0.38 ms, found 2 plugins.
Preloading 0 native plugins for Editor in 0.00 ms.
Unloading 1394 Unused Serialized files (Serialized files now loaded: 0)
System memory in use before: 173.5 MB.
System memory in use after: 173.2 MB.

Unloading 15 unused Assets to reduce memory usage. Loaded Objects now: 1922.
Total: 4.013109 ms (FindLiveObjects: 0.210912 ms CreateObjectMapping: 0.050985 ms MarkObjects: 3.166835 ms  DeleteObjects: 0.583469 ms)

AssetImportParameters requested are different than current active one (requested -> active):
  custom:video-decoder-ogg-theora: a1e56fd34408186e4bbccfd4996cb3dc -> 
  custom:container-muxer-webm: aa71ff27fc2769a1b78a27578f13a17b -> 
  custom:container-demuxer-webm: 4f35f7cbe854078d1ac9338744f61a02 -> 
  custom:container-demuxer-ogg: 62fdf1f143b41e24485cea50d1cbac27 -> 
  custom:video-encoder-webm-vp8: eb34c28f22e8b96e1ab97ce403110664 -> 
  custom:framework-osx-AVFoundation: e770b220cccbd017edd2c1fefb359320 -> 
  custom:video-decoder-webm-vp8: 9c59270c3fd7afecdb556c50c9e8de78 -> 
  custom:audio-decoder-ogg-vorbis: bf7c407c2cedff20999df2af8eb42d56 -> 
  custom:audio-encoder-webm-vorbis: bf7c407c2cedff20999df2af8eb42d56 -> 
========================================================================
Received Import Request.
  Time since last request: 249.027859 seconds.
  path: Assets/Winter Zone Mini 1.0/MeshTerrains/MeshTerrain_1/Textures/diffuse_2048x2048.png
  artifactKey: Guid(eda653ec45ec9d04095dd1d569b049d9) Importer(815301076,1909f56bfc062723c751e8b465ee728b)
Start importing Assets/Winter Zone Mini 1.0/MeshTerrains/MeshTerrain_1/Textures/diffuse_2048x2048.png using Guid(eda653ec45ec9d04095dd1d569b049d9) Importer(815301076,1909f56bfc062723c751e8b465ee728b)  -> (artifact id: '5154709b6c0562fcc3b1a7616ed01d6e') in 1.142111 seconds 
  Import took 1.145733 seconds .

========================================================================
Received Import Request.
  Time since last request: 0.005125 seconds.
  path: Assets/Winter Zone Mini 1.0/MeshTerrains/MeshTerrain_1/Textures/normalmap_2048x2048.png
  artifactKey: Guid(51c0ca5a97371a04f979870c91345373) Importer(815301076,1909f56bfc062723c751e8b465ee728b)
Start importing Assets/Winter Zone Mini 1.0/MeshTerrains/MeshTerrain_1/Textures/normalmap_2048x2048.png using Guid(51c0ca5a97371a04f979870c91345373) Importer(815301076,1909f56bfc062723c751e8b465ee728b)  -> (artifact id: 'b81159fc53ca7b085a67ca44e4df9551') in 0.046641 seconds 
  Import took 0.050606 seconds .

========================================================================
Received Import Request.
  Time since last request: 0.556615 seconds.
  path: Assets/Winter Zone Mini 1.0/MeshTerrains/MeshTerrain_1/Materials/SnowAndRock_1.mat
  artifactKey: Guid(94fc81abbedf1184fbed76ae2c61a3de) Importer(815301076,1909f56bfc062723c751e8b465ee728b)
Start importing Assets/Winter Zone Mini 1.0/MeshTerrains/MeshTerrain_1/Materials/SnowAndRock_1.mat using Guid(94fc81abbedf1184fbed76ae2c61a3de) Importer(815301076,1909f56bfc062723c751e8b465ee728b)  -> (artifact id: '9d93e62d33526271c2578dbf5e6b15ef') in 0.285747 seconds 
  Import took 0.289312 seconds .

========================================================================
Received Import Request.
  Time since last request: 2.738223 seconds.
  path: Assets/Winter Zone Mini 1.0/MeshTerrains/MeshTerrain_2/meshTerrain_2_4k.fbx
  artifactKey: Guid(bedf1143aef24194bb601b3f9e1289f9) Importer(815301076,1909f56bfc062723c751e8b465ee728b)
Start importing Assets/Winter Zone Mini 1.0/MeshTerrains/MeshTerrain_2/meshTerrain_2_4k.fbx using Guid(bedf1143aef24194bb601b3f9e1289f9) Importer(815301076,1909f56bfc062723c751e8b465ee728b)  -> (artifact id: '3f5cfad5b38a0d1439f5796933c23a01') in 0.063617 seconds 
  Import took 0.067569 seconds .

========================================================================
Received Import Request.
  Time since last request: 0.000336 seconds.
  path: Assets/Winter Zone Mini 1.0/MeshTerrains/MeshTerrain_2/meshTerrain_2_16k.fbx
  artifactKey: Guid(82a50449757db7b479e46dfeb3c60dff) Importer(815301076,1909f56bfc062723c751e8b465ee728b)
Start importing Assets/Winter Zone Mini 1.0/MeshTerrains/MeshTerrain_2/meshTerrain_2_16k.fbx using Guid(82a50449757db7b479e46dfeb3c60dff) Importer(815301076,1909f56bfc062723c751e8b465ee728b)  -> (artifact id: '7ef61fd51560885fe68218023caf47bf') in 0.057978 seconds 
  Import took 0.061610 seconds .

========================================================================
Received Import Request.
  Time since last request: 0.000285 seconds.
  path: Assets/Winter Zone Mini 1.0/MeshTerrains/MeshTerrain_2/meshTerrain_2_4k_prefab.prefab
  artifactKey: Guid(5d88ef41d6f182441b140463515582d9) Importer(815301076,1909f56bfc062723c751e8b465ee728b)
Start importing Assets/Winter Zone Mini 1.0/MeshTerrains/MeshTerrain_2/meshTerrain_2_4k_prefab.prefab using Guid(5d88ef41d6f182441b140463515582d9) Importer(815301076,1909f56bfc062723c751e8b465ee728b)  -> (artifact id: '73e20ad39e0f0f48a00c371ae44871e6') in 0.208313 seconds 
  Import took 0.212605 seconds .

========================================================================
Received Import Request.
  Time since last request: 0.002979 seconds.
  path: Assets/Winter Zone Mini 1.0/MeshTerrains/MeshTerrain_2/meshTerrain_2_16k_prefab.prefab
  artifactKey: Guid(59b1a2c17919f7044bca621128f3775c) Importer(815301076,1909f56bfc062723c751e8b465ee728b)
Start importing Assets/Winter Zone Mini 1.0/MeshTerrains/MeshTerrain_2/meshTerrain_2_16k_prefab.prefab using Guid(59b1a2c17919f7044bca621128f3775c) Importer(815301076,1909f56bfc062723c751e8b465ee728b)  -> (artifact id: '97bd3305d1b18d4d824e78f14dc289e0') in 0.044864 seconds 
  Import took 0.049554 seconds .

========================================================================
Received Import Request.
  Time since last request: 102.935826 seconds.
  path: Assets/Winter Zone Mini 1.0/MeshTerrains/MeshTerrain_2/Textures/diffuse_2048x2048.png
  artifactKey: Guid(e8ab319d2d4904840bc889723c2d67f2) Importer(815301076,1909f56bfc062723c751e8b465ee728b)
Start importing Assets/Winter Zone Mini 1.0/MeshTerrains/MeshTerrain_2/Textures/diffuse_2048x2048.png using Guid(e8ab319d2d4904840bc889723c2d67f2) Importer(815301076,1909f56bfc062723c751e8b465ee728b)  -> (artifact id: '6baa781086a20b58777d11406871d80b') in 0.012732 seconds 
  Import took 0.015885 seconds .

========================================================================
Received Import Request.
  Time since last request: 0.000358 seconds.
  path: Assets/Winter Zone Mini 1.0/MeshTerrains/MeshTerrain_2/Textures/normalmap_2048x2048.png
  artifactKey: Guid(36030b14b846ecb42a3ad12b88c724f7) Importer(815301076,1909f56bfc062723c751e8b465ee728b)
Start importing Assets/Winter Zone Mini 1.0/MeshTerrains/MeshTerrain_2/Textures/normalmap_2048x2048.png using Guid(36030b14b846ecb42a3ad12b88c724f7) Importer(815301076,1909f56bfc062723c751e8b465ee728b)  -> (artifact id: '34a597cb6fc7536d8f6714be64e7c6ab') in 0.014591 seconds 
  Import took 0.018450 seconds .

========================================================================
Received Import Request.
  Time since last request: 20.726519 seconds.
  path: Assets/Winter Zone Mini 1.0/UnityTerrains/Terrain_1/terrain_1.asset
  artifactKey: Guid(3d8e807d0152331429a055c32aa197b7) Importer(815301076,1909f56bfc062723c751e8b465ee728b)
Start importing Assets/Winter Zone Mini 1.0/UnityTerrains/Terrain_1/terrain_1.asset using Guid(3d8e807d0152331429a055c32aa197b7) Importer(815301076,1909f56bfc062723c751e8b465ee728b)  -> (artifact id: '3a1844e8ab7551ab38800b7601881245') in 0.338424 seconds 
  Import took 0.347523 seconds .

========================================================================
Received Import Request.
  Time since last request: 0.003407 seconds.
  path: Assets/Winter Zone Mini 1.0/UnityTerrains/Terrain_1/Terrain_1_prefab.prefab
  artifactKey: Guid(263f64ea53518414fb93d1458a3630a3) Importer(815301076,1909f56bfc062723c751e8b465ee728b)
Start importing Assets/Winter Zone Mini 1.0/UnityTerrains/Terrain_1/Terrain_1_prefab.prefab using Guid(263f64ea53518414fb93d1458a3630a3) Importer(815301076,1909f56bfc062723c751e8b465ee728b)  -> (artifact id: 'bcb90a79d9282356af071902c5d3fb40') in 0.006917 seconds 
  Import took 0.009788 seconds .

========================================================================
Received Import Request.
  Time since last request: 5.637339 seconds.
  path: Assets/Winter Zone Mini 1.0/UnityTerrains/Terrain_1/Maps/terrain_1_splatmap_1024x1024.bmp
  artifactKey: Guid(dcf0cca57d120d2428192abd78c980b4) Importer(815301076,1909f56bfc062723c751e8b465ee728b)
Start importing Assets/Winter Zone Mini 1.0/UnityTerrains/Terrain_1/Maps/terrain_1_splatmap_1024x1024.bmp using Guid(dcf0cca57d120d2428192abd78c980b4) Importer(815301076,1909f56bfc062723c751e8b465ee728b)  -> (artifact id: '90267f23bc36bd23ec51cc75f1be5856') in 1.108192 seconds 
  Import took 1.112067 seconds .

========================================================================
Received Import Request.
  Time since last request: 12.049611 seconds.
  path: Assets/Winter Zone Mini 1.0/UnityTerrains/Terrain_1/Maps
  artifactKey: Guid(7570e49338e5b404998b7b56d3ec47f2) Importer(815301076,1909f56bfc062723c751e8b465ee728b)
Start importing Assets/Winter Zone Mini 1.0/UnityTerrains/Terrain_1/Maps using Guid(7570e49338e5b404998b7b56d3ec47f2) Importer(815301076,1909f56bfc062723c751e8b465ee728b)  -> (artifact id: '547e3e1605922dc1239b802b30a0cedb') in 0.002627 seconds 
  Import took 0.005490 seconds .

========================================================================
Received Import Request.
  Time since last request: 0.019457 seconds.
  path: Assets/Winter Zone Mini 1.0/UnityTerrains/Terrain_1/Maps
  artifactKey: Guid(7570e49338e5b404998b7b56d3ec47f2) Importer(815301076,1909f56bfc062723c751e8b465ee728b)
Start importing Assets/Winter Zone Mini 1.0/UnityTerrains/Terrain_1/Maps using Guid(7570e49338e5b404998b7b56d3ec47f2) Importer(815301076,1909f56bfc062723c751e8b465ee728b)  -> (artifact id: '547e3e1605922dc1239b802b30a0cedb') in 0.001160 seconds 
  Import took 0.004159 seconds .

