Unity Editor version:    2020.3.19f1 (68f137dc9bbe)
Branch:                  2020.3/staging
Build type:              Release
Batch mode:              YES
macOS version:           Version 10.15.7 (Build 19H1323)
Darwin version:          19.6.0
Architecture:            x86_64
Running under Rosetta:   NO
Available memory:        65536 MB
Using pre-set license
Pro License: NO

COMMAND LINE ARGUMENTS:
/Applications/Unity/Hub/Editor/2020.3.19f1/Unity.app/Contents/MacOS/Unity
-adb2
-batchMode
-noUpm
-name
AssetImportWorker0
-projectPath
/Users/nyuad/Desktop/altReal/MazeProject
-logFile
Logs/AssetImportWorker0.log
-srvPort
58963
Successfully changed project path to: /Users/nyuad/Desktop/altReal/MazeProject
/Users/nyuad/Desktop/altReal/MazeProject
Using Asset Import Pipeline V2.
Refreshing native plugins compatible for Editor in 57.44 ms, found 3 plugins.
Preloading 1 native plugins for Editor in 10.85 ms.
Initialize engine version: 2020.3.19f1 (68f137dc9bbe)
[Subsystems] Discovering subsystems at path /Applications/Unity/Hub/Editor/2020.3.19f1/Unity.app/Contents/Resources/UnitySubsystems
[Subsystems] Discovering subsystems at path /Users/nyuad/Desktop/altReal/MazeProject/Assets
GfxDevice: creating device client; threaded=0
2021-10-01 16:15:08.504 Unity[40643:1167327] iMac preferred device: AMD Radeon Pro Vega 64 (high power)
2021-10-01 16:15:08.505 Unity[40643:1167327] Metal devices available: 1
2021-10-01 16:15:08.505 Unity[40643:1167327] 0: AMD Radeon Pro Vega 64 (high power)
2021-10-01 16:15:08.505 Unity[40643:1167327] Using device AMD Radeon Pro Vega 64 (high power)
Initializing Metal device caps: AMD Radeon Pro Vega 64
Initialize mono
Mono path[0] = '/Applications/Unity/Hub/Editor/2020.3.19f1/Unity.app/Contents/Managed'
Mono path[1] = '/Applications/Unity/Hub/Editor/2020.3.19f1/Unity.app/Contents/MonoBleedingEdge/lib/mono/unityjit'
Mono config path = '/Applications/Unity/Hub/Editor/2020.3.19f1/Unity.app/Contents/MonoBleedingEdge/etc'
Using monoOptions --debugger-agent=transport=dt_socket,embedding=1,server=y,suspend=n,address=127.0.0.1:56643
Begin MonoManager ReloadAssembly
Registering precompiled unity dll's ...
Register platform support module: /Applications/Unity/Hub/Editor/2020.3.19f1/Unity.app/Contents/PlaybackEngines/MacStandaloneSupport/UnityEditor.OSXStandalone.Extensions.dll
Registered in 0.000625 seconds.
Native extension for OSXStandalone target not found
Refreshing native plugins compatible for Editor in 52.00 ms, found 3 plugins.
Preloading 1 native plugins for Editor in 0.43 ms.
Mono: successfully reloaded assembly
- Completed reload, in  2.576 seconds
Domain Reload Profiling:
	ReloadAssembly (2576ms)
		BeginReloadAssembly (53ms)
			ExecutionOrderSort (0ms)
			DisableScriptedObjects (0ms)
			BackupInstance (0ms)
			ReleaseScriptingObjects (0ms)
			CreateAndSetChildDomain (1ms)
		EndReloadAssembly (426ms)
			LoadAssemblies (52ms)
			RebuildTransferFunctionScriptingTraits (0ms)
			SetupTypeCache (168ms)
			ReleaseScriptCaches (0ms)
			RebuildScriptCaches (36ms)
			SetupLoadedEditorAssemblies (175ms)
				LogAssemblyErrors (0ms)
				InitializePlatformSupportModulesInManaged (3ms)
				SetLoadedEditorAssemblies (0ms)
				RefreshPlugins (52ms)
				BeforeProcessingInitializeOnLoad (7ms)
				ProcessInitializeOnLoadAttributes (84ms)
				ProcessInitializeOnLoadMethodAttributes (27ms)
				AfterProcessingInitializeOnLoad (0ms)
				EditorAssembliesLoaded (0ms)
			ExecutionOrderSort2 (0ms)
			AwakeInstancesAfterBackupRestoration (0ms)
Platform modules already initialized, skipping
Registering precompiled user dll's ...
Registered in 0.003197 seconds.
Begin MonoManager ReloadAssembly
Native extension for OSXStandalone target not found
Refreshing native plugins compatible for Editor in 53.03 ms, found 3 plugins.
Preloading 1 native plugins for Editor in 0.41 ms.
Mono: successfully reloaded assembly
- Completed reload, in  1.326 seconds
Domain Reload Profiling:
	ReloadAssembly (1327ms)
		BeginReloadAssembly (168ms)
			ExecutionOrderSort (0ms)
			DisableScriptedObjects (4ms)
			BackupInstance (0ms)
			ReleaseScriptingObjects (0ms)
			CreateAndSetChildDomain (34ms)
		EndReloadAssembly (1097ms)
			LoadAssemblies (94ms)
			RebuildTransferFunctionScriptingTraits (0ms)
			SetupTypeCache (381ms)
			ReleaseScriptCaches (1ms)
			RebuildScriptCaches (63ms)
			SetupLoadedEditorAssemblies (440ms)
				LogAssemblyErrors (0ms)
				InitializePlatformSupportModulesInManaged (3ms)
				SetLoadedEditorAssemblies (0ms)
				RefreshPlugins (53ms)
				BeforeProcessingInitializeOnLoad (74ms)
				ProcessInitializeOnLoadAttributes (303ms)
				ProcessInitializeOnLoadMethodAttributes (5ms)
				AfterProcessingInitializeOnLoad (1ms)
				EditorAssembliesLoaded (0ms)
			ExecutionOrderSort2 (0ms)
			AwakeInstancesAfterBackupRestoration (6ms)
Platform modules already initialized, skipping
Validating Project structure ... 0.000711 seconds.
Shader import version has changed; will reimport all shaders...
Upgrading shader files ...0.000877 seconds.
Application.AssetDatabase Initial Script Refresh Start
RefreshInfo: InitialScriptRefreshV2(NoUpdateAssetOptions) scanfilter:  ... 1 filters
RefreshProfiler: Total: 0.000ms
Application.AssetDatabase Initial Script Refresh End
Application.AssetDatabase.Refresh Start
Application.AssetDatabase.Refresh End
RefreshInfo: StopAssetImportingV2(ForceSynchronousImport) scanfilter: 
RefreshProfiler: Total: 0.000ms
Launching external process: /Applications/Unity/Hub/Editor/2020.3.19f1/Unity.app/Contents/Tools/UnityShaderCompiler
Launched and connected shader compiler UnityShaderCompiler after 0.01 seconds
Initializing Unity extensions:
========================================================================
Worker process is ready to serve import requests
Refreshing native plugins compatible for Editor in 0.76 ms, found 3 plugins.
Preloading 1 native plugins for Editor in 0.44 ms.
Unloading 3618 Unused Serialized files (Serialized files now loaded: 0)
System memory in use before: 282.5 MB.
System memory in use after: 282.3 MB.

Unloading 172 unused Assets to reduce memory usage. Loaded Objects now: 4093.
Total: 4.794858 ms (FindLiveObjects: 0.520821 ms CreateObjectMapping: 0.241604 ms MarkObjects: 3.749161 ms  DeleteObjects: 0.281966 ms)

AssetImportParameters requested are different than current active one (requested -> active):
  custom:video-decoder-ogg-theora: a1e56fd34408186e4bbccfd4996cb3dc -> 
  custom:container-muxer-webm: aa71ff27fc2769a1b78a27578f13a17b -> 
  custom:container-demuxer-webm: 4f35f7cbe854078d1ac9338744f61a02 -> 
  custom:container-demuxer-ogg: 62fdf1f143b41e24485cea50d1cbac27 -> 
  custom:video-encoder-webm-vp8: eb34c28f22e8b96e1ab97ce403110664 -> 
  custom:framework-osx-AVFoundation: b23960f63f64bdc6ff669e2cdcee2391 -> 
  custom:video-decoder-webm-vp8: 9c59270c3fd7afecdb556c50c9e8de78 -> 
  custom:audio-decoder-ogg-vorbis: bf7c407c2cedff20999df2af8eb42d56 -> 
  custom:audio-encoder-webm-vorbis: bf7c407c2cedff20999df2af8eb42d56 -> 
========================================================================
Received Import Request.
  path: Assets/IMG_2402.JPG
  artifactKey: Guid(457f0092a013a4a9eb42e7f98d9c45d7) Importer(815301076,1909f56bfc062723c751e8b465ee728b)
Start importing Assets/IMG_2402.JPG using Guid(457f0092a013a4a9eb42e7f98d9c45d7) Importer(815301076,1909f56bfc062723c751e8b465ee728b)  -> (artifact id: '70d77b5613ec9fdee046ffbe77052b07') in 0.348378 seconds 
  Import took 0.354356 seconds .

========================================================================
Received Import Request.
  Time since last request: 0.002863 seconds.
  path: Assets/UniversalRenderPipelineAsset.asset
  artifactKey: Guid(e880a5975e4794c2e8887e514483f541) Importer(815301076,1909f56bfc062723c751e8b465ee728b)
Start importing Assets/UniversalRenderPipelineAsset.asset using Guid(e880a5975e4794c2e8887e514483f541) Importer(815301076,1909f56bfc062723c751e8b465ee728b)  -> (artifact id: '6c5cc71dde9a4c671ce292d8926bfb54') in 0.205847 seconds 
  Import took 0.212029 seconds .

========================================================================
Received Import Request.
  Time since last request: 0.002376 seconds.
  path: Assets/Walls.mat
  artifactKey: Guid(5aff729d272dc47a9a3177d03897d893) Importer(815301076,1909f56bfc062723c751e8b465ee728b)
Start importing Assets/Walls.mat using Guid(5aff729d272dc47a9a3177d03897d893) Importer(815301076,1909f56bfc062723c751e8b465ee728b)  -> (artifact id: 'd04ea7ae07f4ceb4838f0d621906db29') in 0.707618 seconds 
  Import took 0.714273 seconds .

========================================================================
Received Import Request.
  Time since last request: 0.002168 seconds.
  path: Assets/Maze.mat
  artifactKey: Guid(ed50a7a6f85414c808e14b2f4a4516df) Importer(815301076,1909f56bfc062723c751e8b465ee728b)
Start importing Assets/Maze.mat using Guid(ed50a7a6f85414c808e14b2f4a4516df) Importer(815301076,1909f56bfc062723c751e8b465ee728b)  -> (artifact id: '2e3e361822213d0c9db9f7c5c2f047b2') in 0.012865 seconds 
  Import took 0.018926 seconds .

========================================================================
Received Import Request.
  Time since last request: 0.000532 seconds.
  path: Assets/Floor.mat
  artifactKey: Guid(727f94761e1144a6387a0bc7247763c0) Importer(815301076,1909f56bfc062723c751e8b465ee728b)
Start importing Assets/Floor.mat using Guid(727f94761e1144a6387a0bc7247763c0) Importer(815301076,1909f56bfc062723c751e8b465ee728b)  -> (artifact id: '5affd262e555a13bf272f3f2e196f8f6') in 0.008818 seconds 
  Import took 0.014654 seconds .

========================================================================
Received Import Request.
  Time since last request: 0.000207 seconds.
  path: Assets/UniversalRenderPipelineAsset_Renderer.asset
  artifactKey: Guid(77474e8787600466c8226090b116e682) Importer(815301076,1909f56bfc062723c751e8b465ee728b)
Start importing Assets/UniversalRenderPipelineAsset_Renderer.asset using Guid(77474e8787600466c8226090b116e682) Importer(815301076,1909f56bfc062723c751e8b465ee728b)  -> (artifact id: '36153bb1970d5b38dd3bb2aba37d4a2f') in 0.002603 seconds 
  Import took 0.008103 seconds .

========================================================================
Received Import Request.
  Time since last request: 143.072958 seconds.
  path: Assets/Scenes/SampleScene.unity
  artifactKey: Guid(9fc0d4010bbf28b4594072e72b8655ab) Importer(815301076,1909f56bfc062723c751e8b465ee728b)
Start importing Assets/Scenes/SampleScene.unity using Guid(9fc0d4010bbf28b4594072e72b8655ab) Importer(815301076,1909f56bfc062723c751e8b465ee728b)  -> (artifact id: '98da1c9b2dc8f2e86fe7e13fbf4bc358') in 0.001384 seconds 
  Import took 0.007114 seconds .

